# JRE version: Java(TM) SE Runtime Environment (17.0.12+8) (build 17.0.12+8-LTS-286)
# Java VM: Java HotSpot(TM) 64-Bit Server VM (17.0.12+8-LTS-286, mixed mode, sharing, tiered, compressed oops, compressed class ptrs, g1 gc, windows-amd64)
GC Precious Log:
 CPUs: 16 total, 16 available
 Memory: 5996M
 Large Page Support: Disabled
 NUMA Support: Disabled
 Compressed Oops: Enabled (32-bit)
 Heap Region Size: 1M
 Heap Min Capacity: 8M
 Heap Initial Capacity: 94M
 Heap Max Capacity: 1500M
 Pre-touch: Disabled
 Parallel Workers: 13
 Concurrent Workers: 3
 Concurrent Refinement Workers: 13
 Periodic GC: Disabled
Heap:
 garbage-first heap   total 61440K, used 43711K [0x00000000a2400000, 0x0000000100000000)
  region size 1024K, 8 young (8192K), 2 survivors (2048K)
 Metaspace       used 68727K, committed 69248K, reserved 1114112K
  class space    used 9576K, committed 9792K, reserved 1048576K
GC Heap History (20 events):
Event: 6.730 GC heap before
{Heap before GC invocations=13 (full 0):
 garbage-first heap   total 55296K, used 43137K [0x00000000a2400000, 0x0000000100000000)
  region size 1024K, 20 young (20480K), 2 survivors (2048K)
 Metaspace       used 53686K, committed 54144K, reserved 1114112K
  class space    used 7134K, committed 7360K, reserved 1048576K
}
Event: 6.735 GC heap after
{Heap after GC invocations=14 (full 0):
 garbage-first heap   total 55296K, used 25985K [0x00000000a2400000, 0x0000000100000000)
  region size 1024K, 2 young (2048K), 2 survivors (2048K)
 Metaspace       used 53686K, committed 54144K, reserved 1114112K
  class space    used 7134K, committed 7360K, reserved 1048576K
}
Event: 7.171 GC heap before
{Heap before GC invocations=14 (full 0):
 garbage-first heap   total 55296K, used 42369K [0x00000000a2400000, 0x0000000100000000)
  region size 1024K, 18 young (18432K), 2 survivors (2048K)
 Metaspace       used 57752K, committed 58240K, reserved 1114112K
  class space    used 7799K, committed 8064K, reserved 1048576K
}
Event: 7.174 GC heap after
{Heap after GC invocations=15 (full 0):
 garbage-first heap   total 55296K, used 26609K [0x00000000a2400000, 0x0000000100000000)
  region size 1024K, 2 young (2048K), 2 survivors (2048K)
 Metaspace       used 57752K, committed 58240K, reserved 1114112K
  class space    used 7799K, committed 8064K, reserved 1048576K
}
Event: 7.691 GC heap before
{Heap before GC invocations=16 (full 0):
 garbage-first heap   total 55296K, used 42993K [0x00000000a2400000, 0x0000000100000000)
  region size 1024K, 19 young (19456K), 2 survivors (2048K)
 Metaspace       used 60869K, committed 61376K, reserved 1114112K
  class space    used 8274K, committed 8512K, reserved 1048576K
}
Event: 7.694 GC heap after
{Heap after GC invocations=17 (full 0):
 garbage-first heap   total 55296K, used 27399K [0x00000000a2400000, 0x0000000100000000)
  region size 1024K, 2 young (2048K), 2 survivors (2048K)
 Metaspace       used 60869K, committed 61376K, reserved 1114112K
  class space    used 8274K, committed 8512K, reserved 1048576K
}
Event: 7.886 GC heap before
{Heap before GC invocations=17 (full 0):
 garbage-first heap   total 55296K, used 43783K [0x00000000a2400000, 0x0000000100000000)
  region size 1024K, 18 young (18432K), 2 survivors (2048K)
 Metaspace       used 62997K, committed 63488K, reserved 1114112K
  class space    used 8541K, committed 8768K, reserved 1048576K
}
Event: 7.889 GC heap after
{Heap after GC invocations=18 (full 0):
 garbage-first heap   total 55296K, used 28307K [0x00000000a2400000, 0x0000000100000000)
  region size 1024K, 3 young (3072K), 3 survivors (3072K)
 Metaspace       used 62997K, committed 63488K, reserved 1114112K
  class space    used 8541K, committed 8768K, reserved 1048576K
}
Event: 8.181 GC heap before
{Heap before GC invocations=19 (full 0):
 garbage-first heap   total 55296K, used 44691K [0x00000000a2400000, 0x0000000100000000)
  region size 1024K, 19 young (19456K), 3 survivors (3072K)
 Metaspace       used 65018K, committed 65536K, reserved 1114112K
  class space    used 8865K, committed 9088K, reserved 1048576K
}
Event: 8.184 GC heap after
{Heap after GC invocations=20 (full 0):
 garbage-first heap   total 55296K, used 29494K [0x00000000a2400000, 0x0000000100000000)
  region size 1024K, 3 young (3072K), 3 survivors (3072K)
 Metaspace       used 65018K, committed 65536K, reserved 1114112K
  class space    used 8865K, committed 9088K, reserved 1048576K
}
Event: 8.402 GC heap before
{Heap before GC invocations=20 (full 0):
 garbage-first heap   total 55296K, used 44854K [0x00000000a2400000, 0x0000000100000000)
  region size 1024K, 18 young (18432K), 3 survivors (3072K)
 Metaspace       used 66268K, committed 66752K, reserved 1114112K
  class space    used 9040K, committed 9280K, reserved 1048576K
}
Event: 8.406 GC heap after
{Heap after GC invocations=21 (full 0):
 garbage-first heap   total 55296K, used 30410K [0x00000000a2400000, 0x0000000100000000)
  region size 1024K, 3 young (3072K), 3 survivors (3072K)
 Metaspace       used 66268K, committed 66752K, reserved 1114112K
  class space    used 9040K, committed 9280K, reserved 1048576K
}
Event: 8.530 GC heap before
{Heap before GC invocations=22 (full 0):
 garbage-first heap   total 55296K, used 44746K [0x00000000a2400000, 0x0000000100000000)
  region size 1024K, 17 young (17408K), 3 survivors (3072K)
 Metaspace       used 67090K, committed 67584K, reserved 1114112K
  class space    used 9230K, committed 9472K, reserved 1048576K
}
Event: 8.535 GC heap after
{Heap after GC invocations=23 (full 0):
 garbage-first heap   total 55296K, used 33146K [0x00000000a2400000, 0x0000000100000000)
  region size 1024K, 3 young (3072K), 3 survivors (3072K)
 Metaspace       used 67090K, committed 67584K, reserved 1114112K
  class space    used 9230K, committed 9472K, reserved 1048576K
}
Event: 8.637 GC heap before
{Heap before GC invocations=23 (full 0):
 garbage-first heap   total 55296K, used 42362K [0x00000000a2400000, 0x0000000100000000)
  region size 1024K, 13 young (13312K), 3 survivors (3072K)
 Metaspace       used 68017K, committed 68480K, reserved 1114112K
  class space    used 9382K, committed 9600K, reserved 1048576K
}
Event: 8.641 GC heap after
{Heap after GC invocations=24 (full 0):
 garbage-first heap   total 55296K, used 34171K [0x00000000a2400000, 0x0000000100000000)
  region size 1024K, 1 young (1024K), 1 survivors (1024K)
 Metaspace       used 68017K, committed 68480K, reserved 1114112K
  class space    used 9382K, committed 9600K, reserved 1048576K
}
Event: 8.734 GC heap before
{Heap before GC invocations=25 (full 0):
 garbage-first heap   total 61440K, used 44411K [0x00000000a2400000, 0x0000000100000000)
  region size 1024K, 11 young (11264K), 1 survivors (1024K)
 Metaspace       used 68702K, committed 69184K, reserved 1114112K
  class space    used 9576K, committed 9792K, reserved 1048576K
}
Event: 8.737 GC heap after
{Heap after GC invocations=26 (full 0):
 garbage-first heap   total 61440K, used 36949K [0x00000000a2400000, 0x0000000100000000)
  region size 1024K, 2 young (2048K), 2 survivors (2048K)
 Metaspace       used 68702K, committed 69184K, reserved 1114112K
  class space    used 9576K, committed 9792K, reserved 1048576K
}
Event: 8.788 GC heap before
{Heap before GC invocations=26 (full 0):
 garbage-first heap   total 61440K, used 48213K [0x00000000a2400000, 0x0000000100000000)
  region size 1024K, 13 young (13312K), 2 survivors (2048K)
 Metaspace       used 68731K, committed 69248K, reserved 1114112K
  class space    used 9576K, committed 9792K, reserved 1048576K
}
Event: 8.791 GC heap after
{Heap after GC invocations=27 (full 0):
 garbage-first heap   total 61440K, used 38591K [0x00000000a2400000, 0x0000000100000000)
  region size 1024K, 2 young (2048K), 2 survivors (2048K)
 Metaspace       used 68731K, committed 69248K, reserved 1114112K
  class space    used 9576K, committed 9792K, reserved 1048576K
}

